#
# There is insufficient memory for the Java Runtime Environment to continue.
# Native memory allocation (mmap) failed to map 536870912 bytes for G1 virtual space
# Possible reasons:
#   The system is out of physical RAM or swap space
#   The process is running with CompressedOops enabled, and the Java Heap may be blocking the growth of the native heap
# Possible solutions:
#   Reduce memory load on the system
#   Increase physical memory or swap space
#   Check if swap backing store is full
#   Decrease Java heap size (-Xmx/-Xms)
#   Decrease number of Java threads
#   Decrease Java thread stack sizes (-Xss)
#   Set larger code cache with -XX:ReservedCodeCacheSize=
#   JVM is running with Zero Based Compressed Oops mode in which the Java heap is
#     placed in the first 32GB address space. The Java Heap base address is the
#     maximum limit for the native heap growth. Please use -XX:HeapBaseMinAddress
#     to set the Java Heap base and to place the Java Heap above 32GB virtual address.
# This output file may be truncated or incomplete.
#
#  Out of Memory Error (os_windows.cpp:3825), pid=53960, tid=30624
#
# JRE version:  (17.0.10) (build )
# Java VM: OpenJDK 64-Bit Server VM (17.0.10+0--11572160, mixed mode, sharing, tiered, compressed oops, compressed class ptrs, g1 gc, windows-amd64)
# No core dump will be written. Minidumps are not enabled by default on client versions of Windows
#

---------------  S U M M A R Y ------------

Command Line: org.jetbrains.kotlin.cli.jvm.K2JVMCompiler @D:\google\workspace\Epub_Reader\app\build\20260123_2601101007542994800.compiler.options

Host: Intel(R) Core(TM) i5-10500 CPU @ 3.10GHz, 12 cores, 31G,  Windows 11 , 64 bit Build 26100 (10.0.26100.4484)
Time: Fri Jan 23 11:31:46 2026  Windows 11 , 64 bit Build 26100 (10.0.26100.4484) elapsed time: 2.043532 seconds (0d 0h 0m 2s)

---------------  T H R E A D  ---------------

Current thread (0x000002670e0b8fc0):  JavaThread "Unknown thread" [_thread_in_vm, id=30624, stack(0x00000092ce800000,0x00000092ce900000)]

Stack: [0x00000092ce800000,0x00000092ce900000]
Native frames: (J=compiled Java code, j=interpreted, Vv=VM code, C=native code)
V  [jvm.dll+0x688e89]
V  [jvm.dll+0x84247a]
V  [jvm.dll+0x8440be]
V  [jvm.dll+0x844723]
V  [jvm.dll+0x24be0f]
V  [jvm.dll+0x685c59]
V  [jvm.dll+0x67a50a]
V  [jvm.dll+0x30cbab]
V  [jvm.dll+0x314056]
V  [jvm.dll+0x363dce]
V  [jvm.dll+0x363fff]
V  [jvm.dll+0x2e2978]
V  [jvm.dll+0x2e38e4]
V  [jvm.dll+0x813011]
V  [jvm.dll+0x371c81]
V  [jvm.dll+0x7f1b66]
V  [jvm.dll+0x3f58df]
V  [jvm.dll+0x3f7511]
C  [jli.dll+0x528f]
C  [ucrtbase.dll+0x37b0]
C  [KERNEL32.DLL+0x2e8d7]
C  [ntdll.dll+0x3c34c]


---------------  P R O C E S S  ---------------

Threads class SMR info:
_java_thread_list=0x00007ffbe429ef58, length=0, elements={
}

Java Threads: ( => current thread )

Other Threads:
  0x000002670e168350 GCTaskThread "GC Thread#0" [stack: 0x00000092ce900000,0x00000092cea00000] [id=7720]
  0x00000267338dbf30 ConcurrentGCThread "G1 Main Marker" [stack: 0x00000092cea00000,0x00000092ceb00000] [id=3856]
  0x00000267338dcab0 ConcurrentGCThread "G1 Conc#0" [stack: 0x00000092ceb00000,0x00000092cec00000] [id=54132]

[error occurred during error reporting (printing all threads), id 0xc0000005, EXCEPTION_ACCESS_VIOLATION (0xc0000005) at pc=0x00007ffbe3a53547]

VM state: not at safepoint (not fully initialized)

VM Mutex/Monitor currently owned by a thread:  ([mutex/lock_event])
[0x000002670e0b42c0] Heap_lock - owner thread: 0x000002670e0b8fc0

Heap address: 0x0000000603c00000, size: 8132 MB, Compressed Oops mode: Zero based, Oop shift amount: 3

CDS archive(s) mapped at: [0x0000000000000000-0x0000000000000000-0x0000000000000000), size 0, SharedBaseAddress: 0x0000000800000000, ArchiveRelocationMode: 1.
Narrow klass base: 0x0000000000000000, Narrow klass shift: 0, Narrow klass range: 0x0

GC Precious Log:
<Empty>

Heap:
 garbage-first heap   total 0K, used 0K [0x0000000603c00000, 0x0000000800000000)
  region size 4096K, 0 young (0K), 0 survivors (0K)
 Metaspace       used 0K, committed 0K, reserved 0K
  class space    used 0K, committed 0K, reserved 0K

Heap Regions: E=young(eden), S=young(survivor), O=old, HS=humongous(starts), HC=humongous(continues), CS=collection set, F=free, OA=open archive, CA=closed archive, TAMS=top-at-mark-start (previous, next)

Card table byte_map: [0x0000026721ad0000,0x0000026722ac0000] _byte_map_base: 0x000002671eab2000

Marking Bits (Prev, Next): (CMBitMap*) 0x000002670e168970, (CMBitMap*) 0x000002670e1689b0
 Prev Bits: [0x0000026723ab0000, 0x000002672b9c0000)
 Next Bits: [0x000002672b9c0000, 0x00000267338d0000)

GC Heap History (0 events):
No events

Dll operation events (1 events):
Event: 0.022 Loaded shared library E:\Android\Android Studio\jbr\bin\java.dll

Deoptimization events (0 events):
No events

Classes unloaded (0 events):
No events

Classes redefined (0 events):
No events

Internal exceptions (0 events):
No events

VM Operations (0 events):
No events

Events (0 events):
No events


Dynamic libraries:
0x00007ff6c3630000 - 0x00007ff6c363a000 	E:\Android\Android Studio\jbr\bin\java.exe
0x00007ffcc98a0000 - 0x00007ffcc9b08000 	C:\WINDOWS\SYSTEM32\ntdll.dll
0x00007ffcc8750000 - 0x00007ffcc8819000 	C:\WINDOWS\System32\KERNEL32.DLL
0x00007ffcc6d40000 - 0x00007ffcc712d000 	C:\WINDOWS\System32\KERNELBASE.dll
0x00007ffcc71e0000 - 0x00007ffcc732b000 	C:\WINDOWS\System32\ucrtbase.dll
0x00007ffcb4130000 - 0x00007ffcb414b000 	E:\Android\Android Studio\jbr\bin\VCRUNTIME140.dll
0x00007ffcb5a60000 - 0x00007ffcb5a77000 	E:\Android\Android Studio\jbr\bin\jli.dll
0x00007ffcc8e00000 - 0x00007ffcc8fcc000 	C:\WINDOWS\System32\USER32.dll
0x00007ffcc7460000 - 0x00007ffcc7487000 	C:\WINDOWS\System32\win32u.dll
0x00007ffc9c7e0000 - 0x00007ffc9ca7a000 	C:\WINDOWS\WinSxS\amd64_microsoft.windows.common-controls_6595b64144ccf1df_6.0.26100.4484_none_3e0e6d4ce32ef3b3\COMCTL32.dll
0x00007ffcc7780000 - 0x00007ffcc77ab000 	C:\WINDOWS\System32\GDI32.dll
0x00007ffcc8920000 - 0x00007ffcc89c9000 	C:\WINDOWS\System32\msvcrt.dll
0x00007ffcc6a80000 - 0x00007ffcc6bb7000 	C:\WINDOWS\System32\gdi32full.dll
0x00007ffcc7130000 - 0x00007ffcc71d3000 	C:\WINDOWS\System32\msvcp_win.dll
0x00007ffcc9640000 - 0x00007ffcc966f000 	C:\WINDOWS\System32\IMM32.DLL
0x00007ffcb5a90000 - 0x00007ffcb5a9c000 	E:\Android\Android Studio\jbr\bin\vcruntime140_1.dll
0x00007ffc851d0000 - 0x00007ffc8525d000 	E:\Android\Android Studio\jbr\bin\msvcp140.dll
0x00007ffbe3760000 - 0x00007ffbe43e3000 	E:\Android\Android Studio\jbr\bin\server\jvm.dll
0x00007ffcc8690000 - 0x00007ffcc8744000 	C:\WINDOWS\System32\ADVAPI32.dll
0x00007ffcc7bb0000 - 0x00007ffcc7c56000 	C:\WINDOWS\System32\sechost.dll
0x00007ffcc7660000 - 0x00007ffcc7778000 	C:\WINDOWS\System32\RPCRT4.dll
0x00007ffcc6760000 - 0x00007ffcc67be000 	C:\WINDOWS\SYSTEM32\POWRPROF.dll
0x00007ffcb4f00000 - 0x00007ffcb4f0a000 	C:\WINDOWS\SYSTEM32\WSOCK32.dll
0x00007ffcae590000 - 0x00007ffcae5c5000 	C:\WINDOWS\SYSTEM32\WINMM.dll
0x00007ffcbf310000 - 0x00007ffcbf31b000 	C:\WINDOWS\SYSTEM32\VERSION.dll
0x00007ffcc8b60000 - 0x00007ffcc8bd4000 	C:\WINDOWS\System32\WS2_32.dll
0x00007ffcc6650000 - 0x00007ffcc6664000 	C:\WINDOWS\SYSTEM32\UMPDC.dll
0x00007ffcc5720000 - 0x00007ffcc573b000 	C:\WINDOWS\SYSTEM32\kernel.appcore.dll
0x00007ffcc3650000 - 0x00007ffcc365a000 	E:\Android\Android Studio\jbr\bin\jimage.dll
0x00007ffcb2790000 - 0x00007ffcb29d1000 	C:\WINDOWS\SYSTEM32\DBGHELP.DLL
0x00007ffcc77b0000 - 0x00007ffcc7b36000 	C:\WINDOWS\System32\combase.dll
0x00007ffcc8820000 - 0x00007ffcc8900000 	C:\WINDOWS\System32\OLEAUT32.dll
0x00007ffcb0440000 - 0x00007ffcb0483000 	C:\WINDOWS\SYSTEM32\dbgcore.DLL
0x00007ffcc73c0000 - 0x00007ffcc7459000 	C:\WINDOWS\System32\bcryptPrimitives.dll
0x00007ffcb4ed0000 - 0x00007ffcb4ef5000 	E:\Android\Android Studio\jbr\bin\java.dll

dbghelp: loaded successfully - version: 4.0.5 - missing functions: none
symbol engine: initialized successfully - sym options: 0x614 - pdb path: .;E:\Android\Android Studio\jbr\bin;C:\WINDOWS\SYSTEM32;C:\WINDOWS\WinSxS\amd64_microsoft.windows.common-controls_6595b64144ccf1df_6.0.26100.4484_none_3e0e6d4ce32ef3b3;E:\Android\Android Studio\jbr\bin\server

VM Arguments:
java_command: org.jetbrains.kotlin.cli.jvm.K2JVMCompiler @D:\google\workspace\Epub_Reader\app\build\20260123_2601101007542994800.compiler.options
java_class_path (initial): C:\Users\lvgeng\.gradle\caches\modules-2\files-2.1\org.jetbrains.kotlin\kotlin-compiler-embeddable\1.9.20\b44d2f7d8c1c67c0ed66d40e57e52623ca753db7\kotlin-compiler-embeddable-1.9.20.jar;C:\Users\lvgeng\.gradle\caches\modules-2\files-2.1\org.jetbrains.kotlin\kotlin-stdlib\1.9.20\e58b4816ac517e9cc5df1db051120c63d4cde669\kotlin-stdlib-1.9.20.jar;C:\Users\lvgeng\.gradle\caches\modules-2\files-2.1\org.jetbrains.kotlin\kotlin-script-runtime\1.9.20\6fdfef711b8e07f1a4d0979a60acd7bc8a800777\kotlin-script-runtime-1.9.20.jar;C:\Users\lvgeng\.gradle\caches\modules-2\files-2.1\org.jetbrains.kotlin\kotlin-reflect\1.6.10\1cbe9c92c12a94eea200d23c2bbaedaf3daf5132\kotlin-reflect-1.6.10.jar;C:\Users\lvgeng\.gradle\caches\modules-2\files-2.1\org.jetbrains.kotlin\kotlin-daemon-embeddable\1.9.20\a2a6b491bc53049e2f1af33245481db49034ba52\kotlin-daemon-embeddable-1.9.20.jar;C:\Users\lvgeng\.gradle\caches\modules-2\files-2.1\org.jetbrains.intellij.deps\trove4j\1.0.20200330\3afb14d5f9ceb459d724e907a21145e8ff394f02\trove4j-1.0.20200330.jar;C:\Users\lvgeng\.gradle\caches\modules-2\files-2.1\org.jetbrains\annotations\13.0\919f0dfe192fb4e063e7dacadee7f8bb9a2672a9\annotations-13.0.jar
Launcher Type: SUN_STANDARD

[Global flags]
     intx CICompilerCount                          = 4                                         {product} {ergonomic}
     uint ConcGCThreads                            = 3                                         {product} {ergonomic}
     uint G1ConcRefinementThreads                  = 10                                        {product} {ergonomic}
   size_t G1HeapRegionSize                         = 4194304                                   {product} {ergonomic}
    uintx GCDrainStackTargetSize                   = 64                                        {product} {ergonomic}
   size_t InitialHeapSize                          = 536870912                                 {product} {ergonomic}
   size_t MarkStackSize                            = 4194304                                   {product} {ergonomic}
   size_t MaxHeapSize                              = 8527020032                                {product} {ergonomic}
   size_t MinHeapDeltaBytes                        = 4194304                                   {product} {ergonomic}
   size_t MinHeapSize                              = 8388608                                   {product} {ergonomic}
    uintx NonNMethodCodeHeapSize                   = 5839372                                {pd product} {ergonomic}
    uintx NonProfiledCodeHeapSize                  = 122909434                              {pd product} {ergonomic}
    uintx ProfiledCodeHeapSize                     = 122909434                              {pd product} {ergonomic}
    uintx ReservedCodeCacheSize                    = 251658240                              {pd product} {ergonomic}
     bool SegmentedCodeCache                       = true                                      {product} {ergonomic}
   size_t SoftMaxHeapSize                          = 8527020032                             {manageable} {ergonomic}
     bool UseCompressedClassPointers               = true                           {product lp64_product} {ergonomic}
     bool UseCompressedOops                        = true                           {product lp64_product} {ergonomic}
     bool UseG1GC                                  = true                                      {product} {ergonomic}
     bool UseLargePagesIndividualAllocation        = false                                  {pd product} {ergonomic}

Logging:
Log output configuration:
 #0: stdout all=warning uptime,level,tags
 #1: stderr all=off uptime,level,tags

Environment Variables:
JAVA_HOME=D:\java\jdk1.8.0_131
PATH=C:\Python314\Scripts\;C:\Python314\;C:\WINDOWS\system32;C:\WINDOWS;C:\WINDOWS\System32\Wbem;C:\WINDOWS\System32\WindowsPowerShell\v1.0\;C:\WINDOWS\System32\OpenSSH\;D:\Program Files (x86)\NetSarang\Xshell 6\;D:\Program Files (x86)\NetSarang\Xftp 6\;C:\Program Files\dotnet\;D:\java\maven3\bin;D:\Program Files\TortoiseSVN\bin;D:\Git\bin;C:\Program Files\Microsoft SQL Server\150\Tools\Binn\;C:\Program Files\Microsoft SQL Server\Client SDK\ODBC\170\Tools\Binn\;D:\Windows Kits\10\Windows Performance Toolkit\;D:\java\jdk1.8.0_131\bin;E:\Android\sdk\platform-tools;D:\Program Files\7-Zip;D:\Program Files\pax\PayDroid Tool\bin;D:\Program Files\pax\PayDroid Tool\bin\A920;D:\Program Files\pax\PayDroid Tool SDT;D:\Program Files\pax\PayDroid Tool SDT\bin;D:\Program Files\pax\PayDroid Tool SDT\bin\A920;D:\Program Files\nodejs\;C:\ProgramData\chocolatey\bin;C:\Users\lvgeng\.local\bin;c:\Users\lvgeng\Desktop\Trae CN\bin;d:\bytedance\Trae CN\bin;C:\Users\lvgeng\AppData\Local\Microsoft\WindowsApps;C:\Users\lvgeng\.dotnet\tools;C:\Users\lvgeng\AppData\Local\Programs\Microsoft VS Code\bin;C:\Users\lvgeng\AppData\Roaming\npm;D:\google\Antigravity\bin
USERNAME=lvgeng
OS=Windows_NT
PROCESSOR_IDENTIFIER=Intel64 Family 6 Model 165 Stepping 3, GenuineIntel
TMP=C:\Users\lvgeng\AppData\Local\Temp
TEMP=C:\Users\lvgeng\AppData\Local\Temp



Periodic native trim disabled

JNI global refs:
JNI global refs: 0, weak refs: 0

JNI global refs memory usage: 0, weak refs: 0

OOME stack traces (most recent first):
Classloader memory used:


---------------  S Y S T E M  ---------------

OS:
 Windows 11 , 64 bit Build 26100 (10.0.26100.4484)
OS uptime: 52 days 18:11 hours
Hyper-V role detected

CPU: total 12 (initial active 12) (6 cores per cpu, 2 threads per core) family 6 model 165 stepping 3 microcode 0xf8, cx8, cmov, fxsr, ht, mmx, 3dnowpref, sse, sse2, sse3, ssse3, sse4.1, sse4.2, popcnt, lzcnt, tsc, tscinvbit, avx, avx2, aes, erms, clmul, bmi1, bmi2, adx, fma, vzeroupper, clflush, clflushopt, hv
Processor Information for all 12 processors :
  Max Mhz: 3101, Current Mhz: 3101, Mhz Limit: 3101

Memory: 4k page, system-wide physical 32514M (5532M free)
TotalPageFile size 65283M (AvailPageFile size 449M)
current process WorkingSet (physical memory assigned to process): 13M, peak: 13M
current process commit charge ("private bytes"): 64M, peak: 576M

vm_info: OpenJDK 64-Bit Server VM (17.0.10+0--11572160) for windows-amd64 JRE (17.0.10+0--11572160), built on Mar 13 2024 23:56:38 by "androidbuild" with MS VC++ 16.10 / 16.11 (VS2019)

END.
